<?xml version="1.0" encoding="UTF-8"?>
<!-- Generated by org.testng.reporters.JUnitReportReporter -->
<testsuite skipped="0" hostname="PC428812" name="org.bismi.core.SameClassDataProvider" tests="3" failures="0" timestamp="20 Aug 2019 09:17:09 GMT" time="0.014" errors="0">
  <testcase name="testMethod" time="0.000" classname="org.bismi.core.SameClassDataProvider"/>
  <testcase name="testMethod" time="0.001" classname="org.bismi.core.SameClassDataProvider"/>
  <testcase name="testMethod" time="0.013" classname="org.bismi.core.SameClassDataProvider"/>
</testsuite> <!-- org.bismi.core.SameClassDataProvider -->
