<?xml version="1.0" encoding="UTF-8"?>
<!-- Generated by org.testng.reporters.JUnitReportReporter -->
<testsuite skipped="0" hostname="PC428812" name="org.bismi.testng.TestRunner" tests="1" failures="0" timestamp="20 Aug 2019 09:07:27 GMT" time="0.144" errors="0">
  <testcase name="runScenario" time="0.144" classname="org.bismi.testng.TestRunner"/>
</testsuite> <!-- org.bismi.testng.TestRunner -->
